2017-10-23 23:59:57,668 INFO 22792 [egg-logrotator] app logger reload: got log-reload message
2017-10-23 23:59:57,662 INFO 11724 [egg-logrotator] app logger reload: got log-reload message
2017-10-24 10:10:55,607 INFO 19552 [egg:logger] init all loggers with options: {"dir":"D:\\工作\\freelog-identity-provider\\logs\\freelog-identity-provider","encoding":"utf8","env":"local","level":"INFO","consoleLevel":"INFO","disableConsoleAfterReady":false,"outputJSON":false,"buffer":true,"appLogName":"freelog-identity-provider-web.log","coreLogName":"egg-web.log","agentLogName":"egg-agent.log","errorLogName":"common-error.log","coreLogger":{"consoleLevel":"WARN"},"allowDebugAtProd":true,"type":{}}
2017-10-24 10:10:55,649 INFO 19552 [egg-schedule]: register schedule D:\工作\freelog-identity-provider\node_modules\egg-logrotator\app\schedule\clean_log.js
2017-10-24 10:10:55,649 INFO 19552 [egg-schedule]: register schedule D:\工作\freelog-identity-provider\node_modules\egg-logrotator\app\schedule\rotate_by_file.js
2017-10-24 10:10:55,785 INFO 19552 [egg-static] starting static serve /public/ -> D:\工作\freelog-identity-provider\app\public
2017-10-24 10:10:55,789 INFO 19552 [egg-security] use methodnoallow middleware
2017-10-24 10:10:55,789 INFO 19552 [egg-security] use noopen middleware
2017-10-24 10:10:55,789 INFO 19552 [egg-security] use nosniff middleware
2017-10-24 10:10:55,789 INFO 19552 [egg-security] use xssProtection middleware
2017-10-24 10:10:55,790 INFO 19552 [egg-security] use dta middleware
2017-10-24 10:10:55,790 INFO 19552 [egg-security] compose 5 middlewares into one security middleware
2017-10-24 10:10:55,842 INFO 19552 [egg-watcher:app] watcher start success
2017-10-24 10:10:55,621 INFO 18028 [egg:logger] init all loggers with options: {"dir":"D:\\工作\\freelog-identity-provider\\logs\\freelog-identity-provider","encoding":"utf8","env":"local","level":"INFO","consoleLevel":"INFO","disableConsoleAfterReady":false,"outputJSON":false,"buffer":true,"appLogName":"freelog-identity-provider-web.log","coreLogName":"egg-web.log","agentLogName":"egg-agent.log","errorLogName":"common-error.log","coreLogger":{"consoleLevel":"WARN"},"allowDebugAtProd":true,"type":{}}
2017-10-24 10:10:55,658 INFO 18028 [egg-schedule]: register schedule D:\工作\freelog-identity-provider\node_modules\egg-logrotator\app\schedule\clean_log.js
2017-10-24 10:10:55,658 INFO 18028 [egg-schedule]: register schedule D:\工作\freelog-identity-provider\node_modules\egg-logrotator\app\schedule\rotate_by_file.js
2017-10-24 10:10:55,785 INFO 18028 [egg-static] starting static serve /public/ -> D:\工作\freelog-identity-provider\app\public
2017-10-24 10:10:55,789 INFO 18028 [egg-security] use methodnoallow middleware
2017-10-24 10:10:55,789 INFO 18028 [egg-security] use noopen middleware
2017-10-24 10:10:55,790 INFO 18028 [egg-security] use nosniff middleware
2017-10-24 10:10:55,790 INFO 18028 [egg-security] use xssProtection middleware
2017-10-24 10:10:55,791 INFO 18028 [egg-security] use dta middleware
2017-10-24 10:10:55,791 INFO 18028 [egg-security] compose 5 middlewares into one security middleware
2017-10-24 10:10:55,842 INFO 18028 [egg-watcher:app] watcher start success
2017-10-24 10:11:07,450 INFO 2556 [egg:logger] init all loggers with options: {"dir":"D:\\工作\\freelog-identity-provider\\logs\\freelog-identity-provider","encoding":"utf8","env":"local","level":"INFO","consoleLevel":"INFO","disableConsoleAfterReady":false,"outputJSON":false,"buffer":true,"appLogName":"freelog-identity-provider-web.log","coreLogName":"egg-web.log","agentLogName":"egg-agent.log","errorLogName":"common-error.log","coreLogger":{"consoleLevel":"WARN"},"allowDebugAtProd":true,"type":{}}
2017-10-24 10:11:07,481 INFO 2556 [egg-schedule]: register schedule D:\工作\freelog-identity-provider\node_modules\egg-logrotator\app\schedule\clean_log.js
2017-10-24 10:11:07,481 INFO 2556 [egg-schedule]: register schedule D:\工作\freelog-identity-provider\node_modules\egg-logrotator\app\schedule\rotate_by_file.js
2017-10-24 10:11:07,575 INFO 2556 [egg-static] starting static serve /public/ -> D:\工作\freelog-identity-provider\app\public
2017-10-24 10:11:07,577 INFO 2556 [egg-security] use methodnoallow middleware
2017-10-24 10:11:07,577 INFO 2556 [egg-security] use noopen middleware
2017-10-24 10:11:07,577 INFO 2556 [egg-security] use nosniff middleware
2017-10-24 10:11:07,578 INFO 2556 [egg-security] use xssProtection middleware
2017-10-24 10:11:07,578 INFO 2556 [egg-security] use dta middleware
2017-10-24 10:11:07,578 INFO 2556 [egg-security] compose 5 middlewares into one security middleware
2017-10-24 10:11:07,616 INFO 2556 [egg-watcher:app] watcher start success
2017-10-24 10:11:07,502 INFO 496 [egg:logger] init all loggers with options: {"dir":"D:\\工作\\freelog-identity-provider\\logs\\freelog-identity-provider","encoding":"utf8","env":"local","level":"INFO","consoleLevel":"INFO","disableConsoleAfterReady":false,"outputJSON":false,"buffer":true,"appLogName":"freelog-identity-provider-web.log","coreLogName":"egg-web.log","agentLogName":"egg-agent.log","errorLogName":"common-error.log","coreLogger":{"consoleLevel":"WARN"},"allowDebugAtProd":true,"type":{}}
2017-10-24 10:11:07,531 INFO 496 [egg-schedule]: register schedule D:\工作\freelog-identity-provider\node_modules\egg-logrotator\app\schedule\clean_log.js
2017-10-24 10:11:07,531 INFO 496 [egg-schedule]: register schedule D:\工作\freelog-identity-provider\node_modules\egg-logrotator\app\schedule\rotate_by_file.js
2017-10-24 10:11:07,630 INFO 496 [egg-static] starting static serve /public/ -> D:\工作\freelog-identity-provider\app\public
2017-10-24 10:11:07,633 INFO 496 [egg-security] use methodnoallow middleware
2017-10-24 10:11:07,634 INFO 496 [egg-security] use noopen middleware
2017-10-24 10:11:07,634 INFO 496 [egg-security] use nosniff middleware
2017-10-24 10:11:07,635 INFO 496 [egg-security] use xssProtection middleware
2017-10-24 10:11:07,635 INFO 496 [egg-security] use dta middleware
2017-10-24 10:11:07,635 INFO 496 [egg-security] compose 5 middlewares into one security middleware
2017-10-24 10:11:07,672 INFO 496 [egg-watcher:app] watcher start success
2017-10-24 10:11:44,866 INFO 21352 [egg:logger] init all loggers with options: {"dir":"D:\\工作\\freelog-identity-provider\\logs\\freelog-identity-provider","encoding":"utf8","env":"local","level":"INFO","consoleLevel":"INFO","disableConsoleAfterReady":false,"outputJSON":false,"buffer":true,"appLogName":"freelog-identity-provider-web.log","coreLogName":"egg-web.log","agentLogName":"egg-agent.log","errorLogName":"common-error.log","coreLogger":{"consoleLevel":"WARN"},"allowDebugAtProd":true,"type":{}}
2017-10-24 10:11:44,913 INFO 21352 [egg-schedule]: register schedule D:\工作\freelog-identity-provider\node_modules\egg-logrotator\app\schedule\clean_log.js
2017-10-24 10:11:44,913 INFO 21352 [egg-schedule]: register schedule D:\工作\freelog-identity-provider\node_modules\egg-logrotator\app\schedule\rotate_by_file.js
2017-10-24 10:11:45,025 INFO 21352 [egg-static] starting static serve /public/ -> D:\工作\freelog-identity-provider\app\public
2017-10-24 10:11:45,028 INFO 21352 [egg-security] use methodnoallow middleware
2017-10-24 10:11:45,029 INFO 21352 [egg-security] use noopen middleware
2017-10-24 10:11:45,029 INFO 21352 [egg-security] use nosniff middleware
2017-10-24 10:11:45,030 INFO 21352 [egg-security] use xssProtection middleware
2017-10-24 10:11:45,030 INFO 21352 [egg-security] use dta middleware
2017-10-24 10:11:45,030 INFO 21352 [egg-security] compose 5 middlewares into one security middleware
2017-10-24 10:11:45,079 INFO 21352 [egg-watcher:app] watcher start success
2017-10-24 10:11:44,919 INFO 16328 [egg:logger] init all loggers with options: {"dir":"D:\\工作\\freelog-identity-provider\\logs\\freelog-identity-provider","encoding":"utf8","env":"local","level":"INFO","consoleLevel":"INFO","disableConsoleAfterReady":false,"outputJSON":false,"buffer":true,"appLogName":"freelog-identity-provider-web.log","coreLogName":"egg-web.log","agentLogName":"egg-agent.log","errorLogName":"common-error.log","coreLogger":{"consoleLevel":"WARN"},"allowDebugAtProd":true,"type":{}}
2017-10-24 10:11:44,958 INFO 16328 [egg-schedule]: register schedule D:\工作\freelog-identity-provider\node_modules\egg-logrotator\app\schedule\clean_log.js
2017-10-24 10:11:44,958 INFO 16328 [egg-schedule]: register schedule D:\工作\freelog-identity-provider\node_modules\egg-logrotator\app\schedule\rotate_by_file.js
2017-10-24 10:11:45,069 INFO 16328 [egg-static] starting static serve /public/ -> D:\工作\freelog-identity-provider\app\public
2017-10-24 10:11:45,073 INFO 16328 [egg-security] use methodnoallow middleware
2017-10-24 10:11:45,074 INFO 16328 [egg-security] use noopen middleware
2017-10-24 10:11:45,075 INFO 16328 [egg-security] use nosniff middleware
2017-10-24 10:11:45,076 INFO 16328 [egg-security] use xssProtection middleware
2017-10-24 10:11:45,077 INFO 16328 [egg-security] use dta middleware
2017-10-24 10:11:45,077 INFO 16328 [egg-security] compose 5 middlewares into one security middleware
2017-10-24 10:11:45,124 INFO 16328 [egg-watcher:app] watcher start success
2017-10-24 10:11:53,447 INFO 9540 [egg:logger] init all loggers with options: {"dir":"D:\\工作\\freelog-identity-provider\\logs\\freelog-identity-provider","encoding":"utf8","env":"local","level":"INFO","consoleLevel":"INFO","disableConsoleAfterReady":false,"outputJSON":false,"buffer":true,"appLogName":"freelog-identity-provider-web.log","coreLogName":"egg-web.log","agentLogName":"egg-agent.log","errorLogName":"common-error.log","coreLogger":{"consoleLevel":"WARN"},"allowDebugAtProd":true,"type":{}}
2017-10-24 10:11:53,478 INFO 9540 [egg-schedule]: register schedule D:\工作\freelog-identity-provider\node_modules\egg-logrotator\app\schedule\clean_log.js
2017-10-24 10:11:53,478 INFO 9540 [egg-schedule]: register schedule D:\工作\freelog-identity-provider\node_modules\egg-logrotator\app\schedule\rotate_by_file.js
2017-10-24 10:11:53,577 INFO 9540 [egg-static] starting static serve /public/ -> D:\工作\freelog-identity-provider\app\public
2017-10-24 10:11:53,580 INFO 9540 [egg-security] use methodnoallow middleware
2017-10-24 10:11:53,580 INFO 9540 [egg-security] use noopen middleware
2017-10-24 10:11:53,581 INFO 9540 [egg-security] use nosniff middleware
2017-10-24 10:11:53,581 INFO 9540 [egg-security] use xssProtection middleware
2017-10-24 10:11:53,581 INFO 9540 [egg-security] use dta middleware
2017-10-24 10:11:53,581 INFO 9540 [egg-security] compose 5 middlewares into one security middleware
2017-10-24 10:11:53,626 INFO 9540 [egg-watcher:app] watcher start success
2017-10-24 10:11:53,451 INFO 3764 [egg:logger] init all loggers with options: {"dir":"D:\\工作\\freelog-identity-provider\\logs\\freelog-identity-provider","encoding":"utf8","env":"local","level":"INFO","consoleLevel":"INFO","disableConsoleAfterReady":false,"outputJSON":false,"buffer":true,"appLogName":"freelog-identity-provider-web.log","coreLogName":"egg-web.log","agentLogName":"egg-agent.log","errorLogName":"common-error.log","coreLogger":{"consoleLevel":"WARN"},"allowDebugAtProd":true,"type":{}}
2017-10-24 10:11:53,484 INFO 3764 [egg-schedule]: register schedule D:\工作\freelog-identity-provider\node_modules\egg-logrotator\app\schedule\clean_log.js
2017-10-24 10:11:53,485 INFO 3764 [egg-schedule]: register schedule D:\工作\freelog-identity-provider\node_modules\egg-logrotator\app\schedule\rotate_by_file.js
2017-10-24 10:11:53,578 INFO 3764 [egg-static] starting static serve /public/ -> D:\工作\freelog-identity-provider\app\public
2017-10-24 10:11:53,580 INFO 3764 [egg-security] use methodnoallow middleware
2017-10-24 10:11:53,581 INFO 3764 [egg-security] use noopen middleware
2017-10-24 10:11:53,581 INFO 3764 [egg-security] use nosniff middleware
2017-10-24 10:11:53,581 INFO 3764 [egg-security] use xssProtection middleware
2017-10-24 10:11:53,582 INFO 3764 [egg-security] use dta middleware
2017-10-24 10:11:53,582 INFO 3764 [egg-security] compose 5 middlewares into one security middleware
2017-10-24 10:11:53,627 INFO 3764 [egg-watcher:app] watcher start success
